app/build/intermediates/manifest_merge_blame_file/debug/manifest-merger-blame-debug-report.txt
1<?xml version="1.0" encoding="utf-8"?>
2<manifest xmlns:android="http://schemas.android.com/apk/res/android"
3    package="com.tencent.yolov5ncnn"
4    android:versionCode="1"
5    android:versionName="1.1" >
6
7    <uses-sdk
8        android:minSdkVersion="30"
8-->src\main\AndroidManifest.xml
9        android:targetSdkVersion="30" />
9-->src\main\AndroidManifest.xml
10
11    <uses-permission android:name="android.permission.CAMERA" />
11-->src\main\AndroidManifest.xml:8:5-64
11-->src\main\AndroidManifest.xml:8:22-62
12
13    <uses-feature
13-->src\main\AndroidManifest.xml:9:5-84
14        android:name="android.hardware.camera"
14-->src\main\AndroidManifest.xml:9:19-57
15        android:required="false" />
15-->src\main\AndroidManifest.xml:9:58-82
16    <uses-feature
16-->src\main\AndroidManifest.xml:10:5-94
17        android:name="android.hardware.camera.autofocus"
17-->src\main\AndroidManifest.xml:10:19-67
18        android:required="false" />
18-->src\main\AndroidManifest.xml:10:68-92
19    <uses-feature
19-->src\main\AndroidManifest.xml:11:5-90
20        android:name="android.hardware.camera.front"
20-->src\main\AndroidManifest.xml:11:19-63
21        android:required="false" />
21-->src\main\AndroidManifest.xml:11:64-88
22    <uses-feature
22-->src\main\AndroidManifest.xml:12:5-101
23        android:name="android.hardware.camera.front.autofocus"
23-->src\main\AndroidManifest.xml:12:19-73
24        android:required="false" />
24-->src\main\AndroidManifest.xml:12:75-99
25
26    <supports-screens
26-->src\main\AndroidManifest.xml:14:5-18:37
27        android:anyDensity="true"
27-->src\main\AndroidManifest.xml:18:9-34
28        android:largeScreens="true"
28-->src\main\AndroidManifest.xml:17:9-36
29        android:normalScreens="true"
29-->src\main\AndroidManifest.xml:16:9-37
30        android:resizeable="true"
30-->src\main\AndroidManifest.xml:14:23-48
31        android:smallScreens="true" />
31-->src\main\AndroidManifest.xml:15:9-36
32
33    <application
33-->src\main\AndroidManifest.xml:20:5-35:19
34        android:appComponentFactory="androidx.core.app.CoreComponentFactory"
34-->[androidx.core:core:1.7.0] AndroidManifest.xml:24:18-86
35        android:debuggable="true"
36        android:extractNativeLibs="false"
37        android:label="@string/app_name"
37-->src\main\AndroidManifest.xml:21:9-41
38        android:testOnly="true"
39        android:theme="@style/Theme.AppCompat" >
39-->src\main\AndroidManifest.xml:22:9-47
40        <activity
40-->src\main\AndroidManifest.xml:23:9-29:20
41            android:name="com.tencent.yolov5ncnn.MainActivity"
41-->src\main\AndroidManifest.xml:23:19-46
42            android:label="@string/app_name" >
42-->src\main\AndroidManifest.xml:24:19-51
43            <intent-filter>
43-->src\main\AndroidManifest.xml:25:13-28:29
44                <action android:name="android.intent.action.MAIN" />
44-->src\main\AndroidManifest.xml:26:17-69
44-->src\main\AndroidManifest.xml:26:25-66
45
46                <category android:name="android.intent.category.LAUNCHER" />
46-->src\main\AndroidManifest.xml:27:17-77
46-->src\main\AndroidManifest.xml:27:27-74
47            </intent-filter>
48        </activity>
49        <activity
49-->src\main\AndroidManifest.xml:30:9-34:20
50            android:name="com.tencent.yolov5ncnn.CamActivity"
50-->src\main\AndroidManifest.xml:30:19-45
51            android:configChanges="keyboardHidden|orientation"
51-->src\main\AndroidManifest.xml:32:13-63
52            android:screenOrientation="landscape" >
52-->src\main\AndroidManifest.xml:31:13-50
53        </activity>
54
55        <provider
55-->[androidx.emoji2:emoji2:1.0.0] AndroidManifest.xml:26:9-34:20
56            android:name="androidx.startup.InitializationProvider"
56-->[androidx.emoji2:emoji2:1.0.0] AndroidManifest.xml:27:13-67
57            android:authorities="com.tencent.yolov5ncnn.androidx-startup"
57-->[androidx.emoji2:emoji2:1.0.0] AndroidManifest.xml:28:13-68
58            android:exported="false" >
58-->[androidx.emoji2:emoji2:1.0.0] AndroidManifest.xml:29:13-37
59            <meta-data
59-->[androidx.emoji2:emoji2:1.0.0] AndroidManifest.xml:31:13-33:52
60                android:name="androidx.emoji2.text.EmojiCompatInitializer"
60-->[androidx.emoji2:emoji2:1.0.0] AndroidManifest.xml:32:17-75
61                android:value="androidx.startup" />
61-->[androidx.emoji2:emoji2:1.0.0] AndroidManifest.xml:33:17-49
62            <meta-data
62-->[androidx.lifecycle:lifecycle-process:2.4.0] AndroidManifest.xml:31:13-33:52
63                android:name="androidx.lifecycle.ProcessLifecycleInitializer"
63-->[androidx.lifecycle:lifecycle-process:2.4.0] AndroidManifest.xml:32:17-78
64                android:value="androidx.startup" />
64-->[androidx.lifecycle:lifecycle-process:2.4.0] AndroidManifest.xml:33:17-49
65        </provider>
66    </application>
67
68</manifest>